# JRE version: OpenJDK Runtime Environment Temurin-21.0.11+10 (21.0.11+10) (build 21.0.11+10-LTS)
# Java VM: OpenJDK 64-Bit Server VM Temurin-21.0.11+10 (21.0.11+10-LTS, mixed mode, sharing, tiered, compressed oops, compressed class ptrs, g1 gc, windows-amd64)
GC Precious Log:
 CardTable entry size: 512
 Card Set container configuration: InlinePtr #cards 5 size 8 Array Of Cards #cards 12 size 40 Howl #buckets 4 coarsen threshold 1843 Howl Bitmap #cards 512 size 80 coarsen threshold 460 Card regions per heap region 1 cards per card region 2048
 CPUs: 8 total, 8 available
 Memory: 11972M
 Large Page Support: Disabled
 NUMA Support: Disabled
 Compressed Oops: Enabled (32-bit)
 Heap Region Size: 1M
 Heap Min Capacity: 8M
 Heap Initial Capacity: 188M
 Heap Max Capacity: 2G
 Pre-touch: Disabled
 Parallel Workers: 8
 Concurrent Workers: 2
 Concurrent Refinement Workers: 8
 Periodic GC: Disabled
Heap:
 garbage-first heap   total 86016K, used 32714K [0x0000000080000000, 0x0000000100000000)
  region size 1024K, 7 young (7168K), 4 survivors (4096K)
 Metaspace       used 35150K, committed 36480K, reserved 491520K
  class space    used 5117K, committed 5760K, reserved 425984K
GC Heap History (14 events):
Event: 0.558 GC heap before
{Heap before GC invocations=0 (full 0):
 garbage-first heap   total 192512K, used 22528K [0x0000000080000000, 0x0000000100000000)
  region size 1024K, 23 young (23552K), 0 survivors (0K)
 Metaspace       used 882K, committed 1024K, reserved 491520K
  class space    used 70K, committed 128K, reserved 425984K
}
Event: 0.563 GC heap after
{Heap after GC invocations=1 (full 0):
 garbage-first heap   total 192512K, used 1600K [0x0000000080000000, 0x0000000100000000)
  region size 1024K, 2 young (2048K), 2 survivors (2048K)
 Metaspace       used 882K, committed 1024K, reserved 491520K
  class space    used 70K, committed 128K, reserved 425984K
}
Event: 1.516 GC heap before
{Heap before GC invocations=1 (full 0):
 garbage-first heap   total 192512K, used 41536K [0x0000000080000000, 0x0000000100000000)
  region size 1024K, 38 young (38912K), 2 survivors (2048K)
 Metaspace       used 4572K, committed 4800K, reserved 491520K
  class space    used 581K, committed 704K, reserved 425984K
}
Event: 1.522 GC heap after
{Heap after GC invocations=2 (full 0):
 garbage-first heap   total 192512K, used 11973K [0x0000000080000000, 0x0000000100000000)
  region size 1024K, 5 young (5120K), 5 survivors (5120K)
 Metaspace       used 4572K, committed 4800K, reserved 491520K
  class space    used 581K, committed 704K, reserved 425984K
}
Event: 10.391 GC heap before
{Heap before GC invocations=2 (full 0):
 garbage-first heap   total 192512K, used 122565K [0x0000000080000000, 0x0000000100000000)
  region size 1024K, 112 young (114688K), 5 survivors (5120K)
 Metaspace       used 16104K, committed 16576K, reserved 491520K
  class space    used 2212K, committed 2432K, reserved 425984K
}
Event: 10.406 GC heap after
{Heap after GC invocations=3 (full 0):
 garbage-first heap   total 192512K, used 22181K [0x0000000080000000, 0x0000000100000000)
  region size 1024K, 14 young (14336K), 14 survivors (14336K)
 Metaspace       used 16104K, committed 16576K, reserved 491520K
  class space    used 2212K, committed 2432K, reserved 425984K
}
Event: 11.207 GC heap before
{Heap before GC invocations=3 (full 0):
 garbage-first heap   total 192512K, used 54949K [0x0000000080000000, 0x0000000100000000)
  region size 1024K, 46 young (47104K), 14 survivors (14336K)
 Metaspace       used 20858K, committed 21504K, reserved 491520K
  class space    used 2878K, committed 3200K, reserved 425984K
}
Event: 11.217 GC heap after
{Heap after GC invocations=4 (full 0):
 garbage-first heap   total 192512K, used 24365K [0x0000000080000000, 0x0000000100000000)
  region size 1024K, 3 young (3072K), 3 survivors (3072K)
 Metaspace       used 20858K, committed 21504K, reserved 491520K
  class space    used 2878K, committed 3200K, reserved 425984K
}
Event: 12.532 GC heap before
{Heap before GC invocations=5 (full 0):
 garbage-first heap   total 86016K, used 71469K [0x0000000080000000, 0x0000000100000000)
  region size 1024K, 50 young (51200K), 3 survivors (3072K)
 Metaspace       used 26980K, committed 27968K, reserved 491520K
  class space    used 3878K, committed 4352K, reserved 425984K
}
Event: 12.536 GC heap after
{Heap after GC invocations=6 (full 0):
 garbage-first heap   total 86016K, used 26887K [0x0000000080000000, 0x0000000100000000)
  region size 1024K, 5 young (5120K), 5 survivors (5120K)
 Metaspace       used 26980K, committed 27968K, reserved 491520K
  class space    used 3878K, committed 4352K, reserved 425984K
}
Event: 13.720 GC heap before
{Heap before GC invocations=6 (full 0):
 garbage-first heap   total 86016K, used 69895K [0x0000000080000000, 0x0000000100000000)
  region size 1024K, 48 young (49152K), 5 survivors (5120K)
 Metaspace       used 32477K, committed 33792K, reserved 491520K
  class space    used 4826K, committed 5440K, reserved 425984K
}
Event: 13.724 GC heap after
{Heap after GC invocations=7 (full 0):
 garbage-first heap   total 86016K, used 29315K [0x0000000080000000, 0x0000000100000000)
  region size 1024K, 6 young (6144K), 6 survivors (6144K)
 Metaspace       used 32477K, committed 33792K, reserved 491520K
  class space    used 4826K, committed 5440K, reserved 425984K
}
Event: 14.080 GC heap before
{Heap before GC invocations=7 (full 0):
 garbage-first heap   total 86016K, used 41603K [0x0000000080000000, 0x0000000100000000)
  region size 1024K, 20 young (20480K), 6 survivors (6144K)
 Metaspace       used 34615K, committed 35968K, reserved 491520K
  class space    used 5065K, committed 5760K, reserved 425984K
}
Event: 14.086 GC heap after
{Heap after GC invocations=8 (full 0):
 garbage-first heap   total 86016K, used 30666K [0x0000000080000000, 0x0000000100000000)
  region size 1024K, 4 young (4096K), 4 survivors (4096K)
 Metaspace       used 34615K, committed 35968K, reserved 491520K
  class space    used 5065K, committed 5760K, reserved 425984K
}

